starting request for sites ['01474500'] at 2019-11-25 21:02:53.438003, for period 1979-01-01 to 2019-01-01
took 0:00:15.503204 to get data for huc ['01474500']
processing the data for site  01474500
nwis one site time: 30.492775
zarr one site time: 9.493235
starting request for sites ['01467471', '01467492', '01468500', '01469500'] at 2019-11-25 21:03:33.424078, for period 1979-01-01 to 2019-01-01
took 0:00:45.615281 to get data for huc ['01467471', '01467492', '01468500', '01469500']
processing the data for site  01467471
processing the data for site  01467492
processing the data for site  01468500
processing the data for site  01469500
starting request for sites ['01469700', '01470500', '01470779', '01470960'] at 2019-11-25 21:05:19.167951, for period 1979-01-01 to 2019-01-01
took 0:00:47.624862 to get data for huc ['01469700', '01470500', '01470779', '01470960']
processing the data for site  01469700
processing the data for site  01470500
processing the data for site  01470779
processing the data for site  01470960
starting request for sites ['01471000', '01471510', '01471875', '01472000'] at 2019-11-25 21:07:01.459893, for period 1979-01-01 to 2019-01-01
took 0:01:15.452108 to get data for huc ['01471000', '01471510', '01471875', '01472000']
processing the data for site  01471000
processing the data for site  01471510
processing the data for site  01471875
processing the data for site  01472000
starting request for sites ['01472157', '01472198', '01472199', '01472620'] at 2019-11-25 21:10:04.293498, for period 1979-01-01 to 2019-01-01
took 0:00:56.803556 to get data for huc ['01472157', '01472198', '01472199', '01472620']
processing the data for site  01472157
processing the data for site  01472198
processing the data for site  01472199
processing the data for site  01472620
starting request for sites ['01472810', '01473000', '01473169', '01473500'] at 2019-11-25 21:12:23.143013, for period 1979-01-01 to 2019-01-01
took 0:01:06.645053 to get data for huc ['01472810', '01473000', '01473169', '01473500']
processing the data for site  01472810
processing the data for site  01473000
processing the data for site  01473169
processing the data for site  01473500
starting request for sites ['01473900', '01474000', '01474500'] at 2019-11-25 21:15:03.541848, for period 1979-01-01 to 2019-01-01
took 0:01:00.668813 to get data for huc ['01473900', '01474000', '01474500']
processing the data for site  01473900
processing the data for site  01474000
processing the data for site  01474500
nwis all sites time: 830.769075
zarr all sites time: 21.083257
write zarr: 6.181384
write parquet: 1.764069
write csv: 32.130133
read zarr: 12.443715
read parquet: 0.72454
read csv: 3.922326
