starting request for sites ['01474500'] at 2019-11-25 20:54:05.242666, for period 2018-12-20 to 2019-01-01
took 0:00:00.703251 to get data for huc ['01474500']
processing the data for site  01474500
nwis one site time: 0.741371
zarr one site time: 6.277775
starting request for sites ['01467471', '01467492'] at 2019-11-25 20:54:12.261873, for period 2018-12-20 to 2019-01-01
took 0:00:01.057846 to get data for huc ['01467471', '01467492']
starting request for sites ['01468500', '01469500'] at 2019-11-25 20:54:13.320348, for period 2018-12-20 to 2019-01-01
took 0:00:00.952271 to get data for huc ['01468500', '01469500']
processing the data for site  01468500
processing the data for site  01469500
starting request for sites ['01469700', '01470500'] at 2019-11-25 20:54:14.384249, for period 2018-12-20 to 2019-01-01
took 0:00:00.718460 to get data for huc ['01469700', '01470500']
processing the data for site  01470500
starting request for sites ['01470779', '01470960'] at 2019-11-25 20:54:15.131062, for period 2018-12-20 to 2019-01-01
took 0:00:00.964003 to get data for huc ['01470779', '01470960']
processing the data for site  01470779
processing the data for site  01470960
starting request for sites ['01471000', '01471510'] at 2019-11-25 20:54:16.173649, for period 2018-12-20 to 2019-01-01
took 0:00:00.883470 to get data for huc ['01471000', '01471510']
processing the data for site  01471000
processing the data for site  01471510
starting request for sites ['01471875', '01472000'] at 2019-11-25 20:54:17.131716, for period 2018-12-20 to 2019-01-01
took 0:00:00.879231 to get data for huc ['01471875', '01472000']
processing the data for site  01471875
processing the data for site  01472000
starting request for sites ['01472157', '01472198'] at 2019-11-25 20:54:18.117923, for period 2018-12-20 to 2019-01-01
took 0:00:00.961171 to get data for huc ['01472157', '01472198']
processing the data for site  01472157
processing the data for site  01472198
starting request for sites ['01472199', '01472620'] at 2019-11-25 20:54:19.156660, for period 2018-12-20 to 2019-01-01
took 0:00:00.943181 to get data for huc ['01472199', '01472620']
processing the data for site  01472199
processing the data for site  01472620
starting request for sites ['01472810', '01473000'] at 2019-11-25 20:54:20.233404, for period 2018-12-20 to 2019-01-01
took 0:00:00.845837 to get data for huc ['01472810', '01473000']
processing the data for site  01472810
processing the data for site  01473000
starting request for sites ['01473169', '01473500'] at 2019-11-25 20:54:21.170618, for period 2018-12-20 to 2019-01-01
took 0:00:01.026642 to get data for huc ['01473169', '01473500']
processing the data for site  01473169
processing the data for site  01473500
starting request for sites ['01473900', '01474000'] at 2019-11-25 20:54:22.279022, for period 2018-12-20 to 2019-01-01
took 0:00:00.970036 to get data for huc ['01473900', '01474000']
processing the data for site  01473900
processing the data for site  01474000
starting request for sites ['01474500'] at 2019-11-25 20:54:23.342823, for period 2018-12-20 to 2019-01-01
took 0:00:00.698983 to get data for huc ['01474500']
processing the data for site  01474500
nwis all sites time: 11.812129
zarr all sites time: 5.887051
write zarr: 2.400465
write parquet: 0.374069
write csv: 0.310304
read zarr: 0.504907
read parquet: 0.058226
read csv: 0.064758
