starting request for sites ['01474500'] at 2019-11-26 18:12:14.685409, for period 1979-01-01 to 2019-01-01
took 0:00:15.211910 to get data for huc ['01474500']
processing the data for site  01474500
nwis one site time: 29.645926
zarr one site time: 12.93019
starting request for sites ['01467471'] at 2019-11-26 18:12:57.261586, for period 1979-01-01 to 2019-01-01
took 0:00:03.965202 to get data for huc ['01467471']
processing the data for site  01467471
starting request for sites ['01467492'] at 2019-11-26 18:13:04.419206, for period 1979-01-01 to 2019-01-01
took 0:00:03.526851 to get data for huc ['01467492']
processing the data for site  01467492
starting request for sites ['01468500'] at 2019-11-26 18:13:11.295950, for period 1979-01-01 to 2019-01-01
took 0:00:15.432026 to get data for huc ['01468500']
processing the data for site  01468500
starting request for sites ['01469500'] at 2019-11-26 18:13:47.086024, for period 1979-01-01 to 2019-01-01
took 0:00:26.282492 to get data for huc ['01469500']
processing the data for site  01469500
starting request for sites ['01469700'] at 2019-11-26 18:14:42.916605, for period 1979-01-01 to 2019-01-01
took 0:00:03.337615 to get data for huc ['01469700']
processing the data for site  01469700
starting request for sites ['01470500'] at 2019-11-26 18:14:49.207430, for period 1979-01-01 to 2019-01-01
took 0:00:13.923818 to get data for huc ['01470500']
processing the data for site  01470500
starting request for sites ['01470779'] at 2019-11-26 18:15:21.258672, for period 1979-01-01 to 2019-01-01
took 0:00:13.896457 to get data for huc ['01470779']
processing the data for site  01470779
starting request for sites ['01470960'] at 2019-11-26 18:15:49.053790, for period 1979-01-01 to 2019-01-01
took 0:00:17.604100 to get data for huc ['01470960']
processing the data for site  01470960
starting request for sites ['01471000'] at 2019-11-26 18:16:26.385365, for period 1979-01-01 to 2019-01-01
took 0:00:24.098822 to get data for huc ['01471000']
processing the data for site  01471000
starting request for sites ['01471510'] at 2019-11-26 18:17:17.596731, for period 1979-01-01 to 2019-01-01
took 0:00:16.349778 to get data for huc ['01471510']
processing the data for site  01471510
starting request for sites ['01471875'] at 2019-11-26 18:17:51.885366, for period 1979-01-01 to 2019-01-01
took 0:00:22.253111 to get data for huc ['01471875']
processing the data for site  01471875
starting request for sites ['01472000'] at 2019-11-26 18:18:40.524245, for period 1979-01-01 to 2019-01-01
took 0:00:23.106063 to get data for huc ['01472000']
processing the data for site  01472000
starting request for sites ['01472157'] at 2019-11-26 18:19:28.846138, for period 1979-01-01 to 2019-01-01
took 0:00:30.632384 to get data for huc ['01472157']
processing the data for site  01472157
starting request for sites ['01472198'] at 2019-11-26 18:20:32.665637, for period 1979-01-01 to 2019-01-01
took 0:00:14.109946 to get data for huc ['01472198']
processing the data for site  01472198
starting request for sites ['01472199'] at 2019-11-26 18:21:01.284377, for period 1979-01-01 to 2019-01-01
took 0:00:15.392830 to get data for huc ['01472199']
processing the data for site  01472199
starting request for sites ['01472620'] at 2019-11-26 18:21:30.450417, for period 1979-01-01 to 2019-01-01
took 0:00:11.468475 to get data for huc ['01472620']
processing the data for site  01472620
starting request for sites ['01472810'] at 2019-11-26 18:21:56.171798, for period 1979-01-01 to 2019-01-01
took 0:00:13.271060 to get data for huc ['01472810']
processing the data for site  01472810
starting request for sites ['01473000'] at 2019-11-26 18:22:21.106240, for period 1979-01-01 to 2019-01-01
took 0:00:25.273251 to get data for huc ['01473000']
processing the data for site  01473000
starting request for sites ['01473169'] at 2019-11-26 18:23:11.928778, for period 1979-01-01 to 2019-01-01
took 0:00:26.482853 to get data for huc ['01473169']
processing the data for site  01473169
starting request for sites ['01473500'] at 2019-11-26 18:24:12.147708, for period 1979-01-01 to 2019-01-01
took 0:00:10.802707 to get data for huc ['01473500']
processing the data for site  01473500
starting request for sites ['01473900'] at 2019-11-26 18:24:37.001068, for period 1979-01-01 to 2019-01-01
took 0:00:17.924388 to get data for huc ['01473900']
processing the data for site  01473900
starting request for sites ['01474000'] at 2019-11-26 18:25:18.628816, for period 1979-01-01 to 2019-01-01
took 0:00:24.467568 to get data for huc ['01474000']
processing the data for site  01474000
starting request for sites ['01474500'] at 2019-11-26 18:26:14.570276, for period 1979-01-01 to 2019-01-01
took 0:00:15.837017 to get data for huc ['01474500']
processing the data for site  01474500
nwis all sites time: 832.773169
zarr all sites time: 23.080898
write zarr: 5.880983
write parquet: 1.819842
write csv: 28.434134
read zarr: 11.748709
read parquet: 0.69234
read csv: 3.47574
