starting request for sites ['01474500'] at 2019-11-25 21:35:25.420312, for period 1979-01-01 to 2019-01-01
took 0:00:15.478951 to get data for huc ['01474500']
processing the data for site  01474500
nwis one site time: 30.902705
zarr one site time: 9.300547
starting request for sites ['01467471', '01467492', '01468500', '01469500', '01469700', '01470500'] at 2019-11-25 21:36:05.623626, for period 1979-01-01 to 2019-01-01
took 0:01:02.169782 to get data for huc ['01467471', '01467492', '01468500', '01469500', '01469700', '01470500']
processing the data for site  01467471
processing the data for site  01467492
processing the data for site  01468500
processing the data for site  01469500
processing the data for site  01469700
processing the data for site  01470500
starting request for sites ['01470779', '01470960', '01471000', '01471510', '01471875', '01472000'] at 2019-11-25 21:38:34.012834, for period 1979-01-01 to 2019-01-01
took 0:01:42.039218 to get data for huc ['01470779', '01470960', '01471000', '01471510', '01471875', '01472000']
processing the data for site  01470779
processing the data for site  01470960
processing the data for site  01471000
processing the data for site  01471510
processing the data for site  01471875
processing the data for site  01472000
starting request for sites ['01472157', '01472198', '01472199', '01472620', '01472810', '01473000'] at 2019-11-25 21:42:43.728956, for period 1979-01-01 to 2019-01-01
took 0:01:28.646887 to get data for huc ['01472157', '01472198', '01472199', '01472620', '01472810', '01473000']
processing the data for site  01472157
processing the data for site  01472198
processing the data for site  01472199
processing the data for site  01472620
processing the data for site  01472810
processing the data for site  01473000
starting request for sites ['01473169', '01473500', '01473900', '01474000', '01474500'] at 2019-11-25 21:46:22.869250, for period 1979-01-01 to 2019-01-01
took 0:01:54.545481 to get data for huc ['01473169', '01473500', '01473900', '01474000', '01474500']
processing the data for site  01473169
processing the data for site  01473500
processing the data for site  01473900
processing the data for site  01474000
processing the data for site  01474500
nwis all sites time: 869.389963
zarr all sites time: 21.319585
write zarr: 5.544957
write parquet: 1.711942
write csv: 30.863444
read zarr: 12.032572
read parquet: 0.709898
read csv: 3.793748
