starting request for sites ['01474500'] at 2019-11-25 20:53:31.340390, for period 2018-12-20 to 2019-01-01
took 0:00:00.947791 to get data for huc ['01474500']
processing the data for site  01474500
nwis one site time: 0.982386
zarr one site time: 6.205378
starting request for sites ['01467471', '01467492', '01468500', '01469500', '01469700', '01470500'] at 2019-11-25 20:53:38.528196, for period 2018-12-20 to 2019-01-01
took 0:00:00.978086 to get data for huc ['01467471', '01467492', '01468500', '01469500', '01469700', '01470500']
processing the data for site  01468500
processing the data for site  01469500
processing the data for site  01470500
starting request for sites ['01470779', '01470960', '01471000', '01471510', '01471875', '01472000'] at 2019-11-25 20:53:39.665312, for period 2018-12-20 to 2019-01-01
took 0:00:00.944962 to get data for huc ['01470779', '01470960', '01471000', '01471510', '01471875', '01472000']
processing the data for site  01470779
processing the data for site  01470960
processing the data for site  01471000
processing the data for site  01471510
processing the data for site  01471875
processing the data for site  01472000
starting request for sites ['01472157', '01472198', '01472199', '01472620', '01472810', '01473000'] at 2019-11-25 20:53:40.875654, for period 2018-12-20 to 2019-01-01
took 0:00:01.162208 to get data for huc ['01472157', '01472198', '01472199', '01472620', '01472810', '01473000']
processing the data for site  01472157
processing the data for site  01472198
processing the data for site  01472199
processing the data for site  01472620
processing the data for site  01472810
processing the data for site  01473000
starting request for sites ['01473169', '01473500', '01473900', '01474000', '01474500'] at 2019-11-25 20:53:42.412456, for period 2018-12-20 to 2019-01-01
took 0:00:01.044265 to get data for huc ['01473169', '01473500', '01473900', '01474000', '01474500']
processing the data for site  01473169
processing the data for site  01473500
processing the data for site  01473900
processing the data for site  01474000
processing the data for site  01474500
nwis all sites time: 5.150546
zarr all sites time: 6.211548
write zarr: 2.028467
write parquet: 0.338757
write csv: 0.254573
read zarr: 0.549687
read parquet: 0.04908
read csv: 0.026687
